
*** Running vivado
    with args -log ladner_fisher_16.vds -m64 -product Vivado -mode batch -messageDb vivado.pb -notrace -source ladner_fisher_16.tcl


ECHO is off.
ECHO is off.

****** Vivado v2023.2 (64-bit)
  **** SW Build 4029153 on Fri Oct 13 20:14:34 MDT 2023
  **** IP Build 4028589 on Sat Oct 14 00:45:43 MDT 2023
  **** SharedData Build 4025554 on Tue Oct 10 17:18:54 MDT 2023
    ** Copyright 1986-2022 Xilinx, Inc. All Rights Reserved.
    ** Copyright 2022-2023 Advanced Micro Devices, Inc. All Rights Reserved.

source ladner_fisher_16.tcl -notrace
create_project: Time (s): cpu = 00:00:05 ; elapsed = 00:00:06 . Memory (MB): peak = 471.539 ; gain = 185.199
Command: synth_design -top ladner_fisher_16 -part xc7a35tcpg236-1
Starting synth_design
Attempting to get a license for feature 'Synthesis' and/or device 'xc7a35t'
INFO: [Common 17-349] Got license for feature 'Synthesis' and/or device 'xc7a35t'
INFO: [Synth 8-7079] Multithreading enabled for synth_design using a maximum of 2 processes.
INFO: [Synth 8-7078] Launching helper process for spawning children vivado processes
INFO: [Synth 8-7075] Helper process launched with PID 4612
---------------------------------------------------------------------------------
Starting Synthesize : Time (s): cpu = 00:00:02 ; elapsed = 00:00:05 . Memory (MB): peak = 918.371 ; gain = 442.867
---------------------------------------------------------------------------------
INFO: [Synth 8-6157] synthesizing module 'ladner_fisher_16' [D:/CHACKS/ladner_fisher_16 - Copy - Copy - Copy/ladner_fisher_16.srcs/sources_1/new/ladner_fisher_16.v:23]
INFO: [Synth 8-6157] synthesizing module 'gen_prop' [D:/CHACKS/ladner_fisher_16 - Copy - Copy - Copy/ladner_fisher_16.srcs/sources_1/new/gen_prop.v:1]
INFO: [Synth 8-6155] done synthesizing module 'gen_prop' (0#1) [D:/CHACKS/ladner_fisher_16 - Copy - Copy - Copy/ladner_fisher_16.srcs/sources_1/new/gen_prop.v:1]
INFO: [Synth 8-6157] synthesizing module 'grey_box' [D:/CHACKS/ladner_fisher_16 - Copy - Copy - Copy/ladner_fisher_16.srcs/sources_1/new/grey_box.v:23]
INFO: [Synth 8-6155] done synthesizing module 'grey_box' (0#1) [D:/CHACKS/ladner_fisher_16 - Copy - Copy - Copy/ladner_fisher_16.srcs/sources_1/new/grey_box.v:23]
INFO: [Synth 8-6157] synthesizing module 'black_box' [D:/CHACKS/ladner_fisher_16 - Copy - Copy - Copy/ladner_fisher_16.srcs/sources_1/new/black_box.v:1]
INFO: [Synth 8-6155] done synthesizing module 'black_box' (0#1) [D:/CHACKS/ladner_fisher_16 - Copy - Copy - Copy/ladner_fisher_16.srcs/sources_1/new/black_box.v:1]
INFO: [Synth 8-6157] synthesizing module 'sum_prefix' [D:/CHACKS/ladner_fisher_16 - Copy - Copy - Copy/ladner_fisher_16.srcs/sources_1/new/sum_prefix.v:1]
INFO: [Synth 8-6155] done synthesizing module 'sum_prefix' (0#1) [D:/CHACKS/ladner_fisher_16 - Copy - Copy - Copy/ladner_fisher_16.srcs/sources_1/new/sum_prefix.v:1]
INFO: [Synth 8-6155] done synthesizing module 'ladner_fisher_16' (0#1) [D:/CHACKS/ladner_fisher_16 - Copy - Copy - Copy/ladner_fisher_16.srcs/sources_1/new/ladner_fisher_16.v:23]
---------------------------------------------------------------------------------
Finished Synthesize : Time (s): cpu = 00:00:03 ; elapsed = 00:00:07 . Memory (MB): peak = 1025.988 ; gain = 550.484
---------------------------------------------------------------------------------
---------------------------------------------------------------------------------
Finished Constraint Validation : Time (s): cpu = 00:00:04 ; elapsed = 00:00:07 . Memory (MB): peak = 1025.988 ; gain = 550.484
---------------------------------------------------------------------------------
---------------------------------------------------------------------------------
Start Loading Part and Timing Information
---------------------------------------------------------------------------------
Loading part: xc7a35tcpg236-1
INFO: [Device 21-403] Loading part xc7a35tcpg236-1
---------------------------------------------------------------------------------
Finished Loading Part and Timing Information : Time (s): cpu = 00:00:04 ; elapsed = 00:00:07 . Memory (MB): peak = 1025.988 ; gain = 550.484
---------------------------------------------------------------------------------
---------------------------------------------------------------------------------
Finished RTL Optimization Phase 2 : Time (s): cpu = 00:00:04 ; elapsed = 00:00:08 . Memory (MB): peak = 1025.988 ; gain = 550.484
---------------------------------------------------------------------------------
No constraint files found.
---------------------------------------------------------------------------------
Start RTL Component Statistics 
---------------------------------------------------------------------------------
Detailed RTL Component Info : 
+---XORs : 
	   2 Input      1 Bit         XORs := 32    
---------------------------------------------------------------------------------
Finished RTL Component Statistics 
---------------------------------------------------------------------------------
---------------------------------------------------------------------------------
Start Part Resource Summary
---------------------------------------------------------------------------------
Part Resources:
DSPs: 90 (col length:60)
BRAMs: 100 (col length: RAMB18 60 RAMB36 30)
---------------------------------------------------------------------------------
Finished Part Resource Summary
---------------------------------------------------------------------------------
No constraint files found.
---------------------------------------------------------------------------------
Start Cross Boundary and Area Optimization
---------------------------------------------------------------------------------
WARNING: [Synth 8-7080] Parallel synthesis criteria is not met
---------------------------------------------------------------------------------
Finished Cross Boundary and Area Optimization : Time (s): cpu = 00:00:06 ; elapsed = 00:00:13 . Memory (MB): peak = 1221.605 ; gain = 746.102
---------------------------------------------------------------------------------
No constraint files found.
---------------------------------------------------------------------------------
Start Timing Optimization
---------------------------------------------------------------------------------
---------------------------------------------------------------------------------
Finished Timing Optimization : Time (s): cpu = 00:00:06 ; elapsed = 00:00:14 . Memory (MB): peak = 1221.605 ; gain = 746.102
---------------------------------------------------------------------------------
---------------------------------------------------------------------------------
Start Technology Mapping
---------------------------------------------------------------------------------
---------------------------------------------------------------------------------
Finished Technology Mapping : Time (s): cpu = 00:00:06 ; elapsed = 00:00:14 . Memory (MB): peak = 1221.605 ; gain = 746.102
---------------------------------------------------------------------------------
---------------------------------------------------------------------------------
Start IO Insertion
---------------------------------------------------------------------------------
---------------------------------------------------------------------------------
Start Flattening Before IO Insertion
---------------------------------------------------------------------------------
---------------------------------------------------------------------------------
Finished Flattening Before IO Insertion
---------------------------------------------------------------------------------
---------------------------------------------------------------------------------
Start Final Netlist Cleanup
---------------------------------------------------------------------------------
---------------------------------------------------------------------------------
Finished Final Netlist Cleanup
---------------------------------------------------------------------------------
---------------------------------------------------------------------------------
Finished IO Insertion : Time (s): cpu = 00:00:09 ; elapsed = 00:00:17 . Memory (MB): peak = 1221.605 ; gain = 746.102
---------------------------------------------------------------------------------
---------------------------------------------------------------------------------
Start Renaming Generated Instances
---------------------------------------------------------------------------------
---------------------------------------------------------------------------------
Finished Renaming Generated Instances : Time (s): cpu = 00:00:09 ; elapsed = 00:00:17 . Memory (MB): peak = 1221.605 ; gain = 746.102
---------------------------------------------------------------------------------
---------------------------------------------------------------------------------
Start Rebuilding User Hierarchy
---------------------------------------------------------------------------------
---------------------------------------------------------------------------------
Finished Rebuilding User Hierarchy : Time (s): cpu = 00:00:09 ; elapsed = 00:00:17 . Memory (MB): peak = 1221.605 ; gain = 746.102
---------------------------------------------------------------------------------
---------------------------------------------------------------------------------
Start Renaming Generated Ports
---------------------------------------------------------------------------------
---------------------------------------------------------------------------------
Finished Renaming Generated Ports : Time (s): cpu = 00:00:09 ; elapsed = 00:00:17 . Memory (MB): peak = 1221.605 ; gain = 746.102
---------------------------------------------------------------------------------
---------------------------------------------------------------------------------
Start Handling Custom Attributes
---------------------------------------------------------------------------------
---------------------------------------------------------------------------------
Finished Handling Custom Attributes : Time (s): cpu = 00:00:09 ; elapsed = 00:00:17 . Memory (MB): peak = 1221.605 ; gain = 746.102
---------------------------------------------------------------------------------
---------------------------------------------------------------------------------
Start Renaming Generated Nets
---------------------------------------------------------------------------------
---------------------------------------------------------------------------------
Finished Renaming Generated Nets : Time (s): cpu = 00:00:09 ; elapsed = 00:00:17 . Memory (MB): peak = 1221.605 ; gain = 746.102
---------------------------------------------------------------------------------
---------------------------------------------------------------------------------
Start Writing Synthesis Report
---------------------------------------------------------------------------------

Report BlackBoxes: 
+-+--------------+----------+
| |BlackBox name |Instances |
+-+--------------+----------+
+-+--------------+----------+

Report Cell Usage: 
+------+-----+------+
|      |Cell |Count |
+------+-----+------+
|1     |LUT2 |     8|
|2     |LUT3 |     3|
|3     |LUT4 |    12|
|4     |LUT5 |    12|
|5     |LUT6 |    13|
|6     |IBUF |    33|
|7     |OBUF |    17|
+------+-----+------+

Report Instance Areas: 
+------+---------+-------+------+
|      |Instance |Module |Cells |
+------+---------+-------+------+
|1     |top      |       |    98|
+------+---------+-------+------+
---------------------------------------------------------------------------------
Finished Writing Synthesis Report : Time (s): cpu = 00:00:09 ; elapsed = 00:00:17 . Memory (MB): peak = 1221.605 ; gain = 746.102
---------------------------------------------------------------------------------
Synthesis finished with 0 errors, 0 critical warnings and 1 warnings.
Synthesis Optimization Runtime : Time (s): cpu = 00:00:10 ; elapsed = 00:00:17 . Memory (MB): peak = 1221.605 ; gain = 746.102
Synthesis Optimization Complete : Time (s): cpu = 00:00:10 ; elapsed = 00:00:17 . Memory (MB): peak = 1221.605 ; gain = 746.102
INFO: [Project 1-571] Translating synthesized netlist
Netlist sorting complete. Time (s): cpu = 00:00:00 ; elapsed = 00:00:00.001 . Memory (MB): peak = 1225.488 ; gain = 0.000
INFO: [Project 1-570] Preparing netlist for logic optimization
INFO: [Opt 31-138] Pushed 0 inverter(s) to 0 load pin(s).
Netlist sorting complete. Time (s): cpu = 00:00:00 ; elapsed = 00:00:00.001 . Memory (MB): peak = 1309.129 ; gain = 0.000
INFO: [Project 1-111] Unisim Transformation Summary:
No Unisim elements were transformed.

Access is denied.
Synth Design complete | Checksum: 3d37e5b9
INFO: [Common 17-83] Releasing license: Synthesis
20 Infos, 1 Warnings, 0 Critical Warnings and 0 Errors encountered.
synth_design completed successfully
synth_design: Time (s): cpu = 00:00:11 ; elapsed = 00:00:19 . Memory (MB): peak = 1309.129 ; gain = 837.590
Write ShapeDB Complete: Time (s): cpu = 00:00:00 ; elapsed = 00:00:00.001 . Memory (MB): peak = 1309.129 ; gain = 0.000
INFO: [Common 17-1381] The checkpoint 'D:/CHACKS/ladner_fisher_16 - Copy - Copy - Copy/ladner_fisher_16.runs/synth_1/ladner_fisher_16.dcp' has been generated.
INFO: [runtcl-4] Executing : report_utilization -file ladner_fisher_16_utilization_synth.rpt -pb ladner_fisher_16_utilization_synth.pb
INFO: [Common 17-206] Exiting Vivado at Sun Oct  6 14:52:38 2024...
